<?xml version="1.0" encoding="UTF-8"?>
<testsuite xmlns:xsi="http://www.w3.org/2001/XMLSchema-instance" xsi:noNamespaceSchemaLocation="https://maven.apache.org/surefire/maven-surefire-plugin/xsd/surefire-test-report-3.0.xsd" version="3.0" name="treeImplementation.BSTreeTest" time="0.055" tests="13" errors="0" skipped="0" failures="0">
  <properties>
[...]
</properties>
  <testcase name="testInorderIterator" classname="treeImplementation.BSTreeTest" time="0.009">
    <system-out><![CDATA[inorderIterator
]]></system-out>
  </testcase>
  <testcase name="testAdd" classname="treeImplementation.BSTreeTest" time="0.0">
    <system-out><![CDATA[add
]]></system-out>
  </testcase>
  <testcase name="testClear" classname="treeImplementation.BSTreeTest" time="0.002">
    <system-out><![CDATA[clear
]]></system-out>
  </testcase>
  <testcase name="testSize" classname="treeImplementation.BSTreeTest" time="0.0">
    <system-out><![CDATA[size
]]></system-out>
  </testcase>
  <testcase name="testGetRoot" classname="treeImplementation.BSTreeTest" time="0.0">
    <system-out><![CDATA[getRoot
]]></system-out>
  </testcase>
  <testcase name="testPostorderIterator" classname="treeImplementation.BSTreeTest" time="0.0">
    <system-out><![CDATA[postorderIterator
]]></system-out>
  </testcase>
  <testcase name="testContains" classname="treeImplementation.BSTreeTest" time="0.001">
    <system-out><![CDATA[contains
]]></system-out>
  </testcase>
  <testcase name="testGetHeight" classname="treeImplementation.BSTreeTest" time="0.0">
    <system-out><![CDATA[getHeight
]]></system-out>
  </testcase>
  <testcase name="testPreorderIterator" classname="treeImplementation.BSTreeTest" time="0.0">
    <system-out><![CDATA[preorderIterator
]]></system-out>
  </testcase>
  <testcase name="testIsEmpty" classname="treeImplementation.BSTreeTest" time="0.001">
    <system-out><![CDATA[isEmpty
]]></system-out>
  </testcase>
  <testcase name="testSearch" classname="treeImplementation.BSTreeTest" time="0.0">
    <system-out><![CDATA[search
]]></system-out>
  </testcase>
  <testcase name="testRemoveMax" classname="treeImplementation.BSTreeTest" time="0.0">
    <system-out><![CDATA[removeMax
]]></system-out>
  </testcase>
  <testcase name="testRemoveMin" classname="treeImplementation.BSTreeTest" time="0.001">
    <system-out><![CDATA[removeMin
]]></system-out>
  </testcase>
</testsuite>